2025-05-15 13:05:00 | DEBUG | repo=richrates | action=commit
2025-03-18 14:12:00 | WARN | repo=richrates | action=pull
2025-07-08 10:09:00 | INFO | repo=richrates | action=pull
2025-02-05 10:09:00 | DEBUG | repo=richrates | action=test | passed=true
2025-09-15 11:40:00 | DEBUG | repo=richrates | action=pull
2025-10-14 13:14:00 | DEBUG | repo=richrates | action=commit
2025-09-01 07:38:00 | DEBUG | repo=richrates | action=commit
2025-01-18 20:31:00 | DEBUG | repo=richrates | action=commit
2025-01-22 08:31:00 | INFO | repo=richrates | action=commit
2025-04-23 14:57:00 | INFO | repo=richrates | action=commit
2025-04-25 15:25:00 | INFO | repo=richrates | action=commit
2025-08-03 18:56:00 | INFO | repo=richrates | action=commit
2025-06-06 14:23:00 | DEBUG | repo=richrates | action=pull
2025-10-23 09:57:00 | WARN | repo=richrates | action=test | passed=true
2025-11-05 21:45:00 | WARN | repo=richrates | action=test | passed=true
2025-07-09 21:44:00 | DEBUG | repo=richrates | action=commit
2025-02-26 08:09:00 | DEBUG | repo=richrates | action=commit
2025-12-22 17:59:00 | WARN | repo=richrates | action=commit
2025-03-17 16:32:00 | DEBUG | repo=richrates | action=commit
2025-07-06 08:15:00 | WARN | repo=richrates | action=edit | files=5
2025-09-11 20:52:00 | DEBUG | repo=richrates | action=pull
2025-01-25 16:43:00 | INFO | repo=richrates | action=pull
2025-06-19 11:19:00 | INFO | repo=richrates | action=commit
2025-02-07 19:21:00 | INFO | repo=richrates | action=commit
2025-07-18 19:07:00 | INFO | repo=richrates | action=commit
2025-03-18 10:45:00 | INFO | repo=richrates | action=commit
2025-08-18 07:15:00 | INFO | repo=richrates | action=commit
